Build started 11/8/2014 11:45:02 PM.
Project "\\vmware-host\Shared Folders\Documents\Visual Studio 2013\Projects\Lab7_File\Lab7_File\Lab7_File.vcxproj" on node 2 (Build target(s)).
ClCompile:
  C:\Program Files (x86)\Microsoft Visual Studio 12.0\VC\bin\CL.exe /c /ZI /nologo /W3 /WX- /sdl /Od /Oy- /D WIN32 /D _DEBUG /D _CONSOLE /D _LIB /D _UNICODE /D UNICODE /Gm /EHsc /RTC1 /MDd /GS /fp:precise /Zc:wchar_t /Zc:forScope /Fo"Debug\\" /Fd"Debug\vc120.pdb" /Gd /TP /analyze- /errorReport:prompt FileInput.cpp file.cpp
  file.cpp
\\vmware-host\shared folders\documents\visual studio 2013\projects\lab7_file\lab7_file\file.cpp(15): error C2782: 'std::basic_string<_Elem,_Traits,_Alloc> std::operator +(std::basic_string<_Elem,_Traits,_Alloc> &&,const _Elem)' : template parameter '_Elem' is ambiguous
          c:\program files (x86)\microsoft visual studio 12.0\vc\include\xstring(2455) : see declaration of 'std::operator +'
          could be 'int *'
          or       'char'
\\vmware-host\shared folders\documents\visual studio 2013\projects\lab7_file\lab7_file\file.cpp(15): error C2782: 'std::basic_string<_Elem,_Traits,_Alloc> std::operator +(std::basic_string<_Elem,_Traits,_Alloc> &&,const _Elem *)' : template parameter '_Elem' is ambiguous
          c:\program files (x86)\microsoft visual studio 12.0\vc\include\xstring(2445) : see declaration of 'std::operator +'
          could be 'int'
          or       'char'
\\vmware-host\shared folders\documents\visual studio 2013\projects\lab7_file\lab7_file\file.cpp(15): error C2784: 'std::basic_string<_Elem,_Traits,_Alloc> std::operator +(const _Elem,std::basic_string<_Elem,_Traits,_Alloc> &&)' : could not deduce template argument for 'std::basic_string<_Elem,_Traits,_Alloc> &&' from 'int *'
          c:\program files (x86)\microsoft visual studio 12.0\vc\include\xstring(2435) : see declaration of 'std::operator +'
\\vmware-host\shared folders\documents\visual studio 2013\projects\lab7_file\lab7_file\file.cpp(15): error C2784: 'std::basic_string<_Elem,_Traits,_Alloc> std::operator +(const _Elem *,std::basic_string<_Elem,_Traits,_Alloc> &&)' : could not deduce template argument for 'const _Elem *' from 'std::basic_string<char,std::char_traits<char>,std::allocator<char>>'
          c:\program files (x86)\microsoft visual studio 12.0\vc\include\xstring(2425) : see declaration of 'std::operator +'
\\vmware-host\shared folders\documents\visual studio 2013\projects\lab7_file\lab7_file\file.cpp(15): error C2784: 'std::basic_string<_Elem,_Traits,_Alloc> std::operator +(std::basic_string<_Elem,_Traits,_Alloc> &&,std::basic_string<_Elem,_Traits,_Alloc> &&)' : could not deduce template argument for 'std::basic_string<_Elem,_Traits,_Alloc> &&' from 'int *'
          c:\program files (x86)\microsoft visual studio 12.0\vc\include\xstring(2411) : see declaration of 'std::operator +'
\\vmware-host\shared folders\documents\visual studio 2013\projects\lab7_file\lab7_file\file.cpp(15): error C2784: 'std::basic_string<_Elem,_Traits,_Alloc> std::operator +(std::basic_string<_Elem,_Traits,_Alloc> &&,const std::basic_string<_Elem,_Traits,_Alloc> &)' : could not deduce template argument for 'const std::basic_string<_Elem,_Traits,_Alloc> &' from 'int *'
          c:\program files (x86)\microsoft visual studio 12.0\vc\include\xstring(2401) : see declaration of 'std::operator +'
\\vmware-host\shared folders\documents\visual studio 2013\projects\lab7_file\lab7_file\file.cpp(15): error C2784: 'std::basic_string<_Elem,_Traits,_Alloc> std::operator +(const std::basic_string<_Elem,_Traits,_Alloc> &,std::basic_string<_Elem,_Traits,_Alloc> &&)' : could not deduce template argument for 'std::basic_string<_Elem,_Traits,_Alloc> &&' from 'int *'
          c:\program files (x86)\microsoft visual studio 12.0\vc\include\xstring(2391) : see declaration of 'std::operator +'
\\vmware-host\shared folders\documents\visual studio 2013\projects\lab7_file\lab7_file\file.cpp(15): error C2782: 'std::basic_string<_Elem,_Traits,_Alloc> std::operator +(const std::basic_string<_Elem,_Traits,_Alloc> &,const _Elem)' : template parameter '_Elem' is ambiguous
          c:\program files (x86)\microsoft visual studio 12.0\vc\include\xstring(2377) : see declaration of 'std::operator +'
          could be 'int *'
          or       'char'
\\vmware-host\shared folders\documents\visual studio 2013\projects\lab7_file\lab7_file\file.cpp(15): error C2782: 'std::basic_string<_Elem,_Traits,_Alloc> std::operator +(const std::basic_string<_Elem,_Traits,_Alloc> &,const _Elem *)' : template parameter '_Elem' is ambiguous
          c:\program files (x86)\microsoft visual studio 12.0\vc\include\xstring(2363) : see declaration of 'std::operator +'
          could be 'int'
          or       'char'
\\vmware-host\shared folders\documents\visual studio 2013\projects\lab7_file\lab7_file\file.cpp(15): error C2784: 'std::basic_string<_Elem,_Traits,_Alloc> std::operator +(const _Elem,const std::basic_string<_Elem,_Traits,_Alloc> &)' : could not deduce template argument for 'const std::basic_string<_Elem,_Traits,_Alloc> &' from 'int *'
          c:\program files (x86)\microsoft visual studio 12.0\vc\include\xstring(2349) : see declaration of 'std::operator +'
\\vmware-host\shared folders\documents\visual studio 2013\projects\lab7_file\lab7_file\file.cpp(15): error C2784: 'std::basic_string<_Elem,_Traits,_Alloc> std::operator +(const _Elem *,const std::basic_string<_Elem,_Traits,_Alloc> &)' : could not deduce template argument for 'const _Elem *' from 'std::basic_string<char,std::char_traits<char>,std::allocator<char>>'
          c:\program files (x86)\microsoft visual studio 12.0\vc\include\xstring(2335) : see declaration of 'std::operator +'
\\vmware-host\shared folders\documents\visual studio 2013\projects\lab7_file\lab7_file\file.cpp(15): error C2784: 'std::basic_string<_Elem,_Traits,_Alloc> std::operator +(const std::basic_string<_Elem,_Traits,_Alloc> &,const std::basic_string<_Elem,_Traits,_Alloc> &)' : could not deduce template argument for 'const std::basic_string<_Elem,_Traits,_Alloc> &' from 'int *'
          c:\program files (x86)\microsoft visual studio 12.0\vc\include\xstring(2321) : see declaration of 'std::operator +'
\\vmware-host\shared folders\documents\visual studio 2013\projects\lab7_file\lab7_file\file.cpp(15): error C2784: 'std::_String_iterator<_Mystr> std::operator +(_String_iterator<_Mystr>::difference_type,std::_String_iterator<_Mystr>)' : could not deduce template argument for 'std::_String_iterator<_Mystr>' from 'int *'
          c:\program files (x86)\microsoft visual studio 12.0\vc\include\xstring(420) : see declaration of 'std::operator +'
\\vmware-host\shared folders\documents\visual studio 2013\projects\lab7_file\lab7_file\file.cpp(15): error C2784: 'std::_String_const_iterator<_Mystr> std::operator +(_String_const_iterator<_Mystr>::difference_type,std::_String_const_iterator<_Mystr>)' : could not deduce template argument for 'std::_String_const_iterator<_Mystr>' from 'int *'
          c:\program files (x86)\microsoft visual studio 12.0\vc\include\xstring(288) : see declaration of 'std::operator +'
\\vmware-host\shared folders\documents\visual studio 2013\projects\lab7_file\lab7_file\file.cpp(15): error C2784: 'std::move_iterator<_RanIt> std::operator +(_Diff,const std::move_iterator<_RanIt> &)' : could not deduce template argument for 'const std::move_iterator<_RanIt> &' from 'int *'
          c:\program files (x86)\microsoft visual studio 12.0\vc\include\xutility(1961) : see declaration of 'std::operator +'
\\vmware-host\shared folders\documents\visual studio 2013\projects\lab7_file\lab7_file\file.cpp(15): error C2784: 'std::_Array_iterator<_Ty,_Size> std::operator +(_Array_iterator<_Ty,_Size>::difference_type,std::_Array_iterator<_Ty,_Size>)' : could not deduce template argument for 'std::_Array_iterator<_Ty,_Size>' from 'int *'
          c:\program files (x86)\microsoft visual studio 12.0\vc\include\xutility(1815) : see declaration of 'std::operator +'
\\vmware-host\shared folders\documents\visual studio 2013\projects\lab7_file\lab7_file\file.cpp(15): error C2784: 'std::_Array_const_iterator<_Ty,_Size> std::operator +(_Array_const_iterator<_Ty,_Size>::difference_type,std::_Array_const_iterator<_Ty,_Size>)' : could not deduce template argument for 'std::_Array_const_iterator<_Ty,_Size>' from 'int *'
          c:\program files (x86)\microsoft visual studio 12.0\vc\include\xutility(1676) : see declaration of 'std::operator +'
\\vmware-host\shared folders\documents\visual studio 2013\projects\lab7_file\lab7_file\file.cpp(15): error C2784: 'std::reverse_iterator<_RanIt> std::operator +(_Diff,const std::reverse_iterator<_RanIt> &)' : could not deduce template argument for 'const std::reverse_iterator<_RanIt> &' from 'int *'
          c:\program files (x86)\microsoft visual studio 12.0\vc\include\xutility(1122) : see declaration of 'std::operator +'
\\vmware-host\shared folders\documents\visual studio 2013\projects\lab7_file\lab7_file\file.cpp(15): error C2784: 'std::_Revranit<_RanIt,_Base> std::operator +(_Diff,const std::_Revranit<_RanIt,_Base> &)' : could not deduce template argument for 'const std::_Revranit<_RanIt,_Base> &' from 'int *'
          c:\program files (x86)\microsoft visual studio 12.0\vc\include\xutility(927) : see declaration of 'std::operator +'
\\vmware-host\shared folders\documents\visual studio 2013\projects\lab7_file\lab7_file\file.cpp(15): error C2676: binary '+' : 'std::basic_string<char,std::char_traits<char>,std::allocator<char>>' does not define this operator or a conversion to a type acceptable to the predefined operator
\\vmware-host\shared folders\documents\visual studio 2013\projects\lab7_file\lab7_file\file.cpp(26): warning C4018: '<' : signed/unsigned mismatch
\\vmware-host\shared folders\documents\visual studio 2013\projects\lab7_file\lab7_file\file.cpp(29): warning C4018: '<' : signed/unsigned mismatch
\\vmware-host\shared folders\documents\visual studio 2013\projects\lab7_file\lab7_file\file.cpp(32): warning C4018: '<' : signed/unsigned mismatch
\\vmware-host\shared folders\documents\visual studio 2013\projects\lab7_file\lab7_file\file.cpp(193): warning C4060: switch statement contains no 'case' or 'default' labels
  FileInput.cpp
\\vmware-host\shared folders\documents\visual studio 2013\projects\lab7_file\lab7_file\fileinput.cpp(51): error C2664: 'void write_check(std::string,std::string,int *,int *,std::string)' : cannot convert argument 3 from 'int' to 'int *'
          Conversion from integral type to pointer type requires reinterpret_cast, C-style cast or function-style cast
  Generating Code...
Done Building Project "\\vmware-host\Shared Folders\Documents\Visual Studio 2013\Projects\Lab7_File\Lab7_File\Lab7_File.vcxproj" (Build target(s)) -- FAILED.

Build FAILED.

Time Elapsed 00:00:01.98
